{"level":"error","message":"\nInvalid `prisma.invoice.create()` invocation:\n\n{\n  data: {\n    kid: NaN,\n    control_number: NaN,\n    total_charge: NaN,\n    rules: {\n      create: [\n        \"Avgiftsparkering - Billett / elektronisk registrering utløpt - pforskr.§31(2)\",\n        \"Avgiftsparkering - Gyldig billett ikke synlig i frontruten / ingen gyldig elektronisk registrering funnet - pforskr.§31(2)\"\n      ]\n    },\n    created_at: \"17.07.2024 07:22\",\n    status: \"pending\",\n+   invoice_file: String\n  }\n}\n\nArgument `invoice_file` is missing.","timestamp":"2024-07-17 07:22:06"}
{"level":"error","message":"\nInvalid `prisma.invoice.create()` invocation:\n\n{\n  data: {\n    kid: NaN,\n    control_number: NaN,\n    total_charge: NaN,\n    rules: {\n      create: [\n        \"Avgiftsparkering - Billett / elektronisk registrering utløpt - pforskr.§31(2)\",\n        \"Avgiftsparkering - Gyldig billett ikke synlig i frontruten / ingen gyldig elektronisk registrering funnet - pforskr.§31(2)\"\n      ]\n    },\n    created_at: \"17.07.2024 07:22\",\n    status: \"pending\",\n+   invoice_file: String\n  }\n}\n\nArgument `invoice_file` is missing.","timestamp":"2024-07-17 07:22:06"}
{"level":"error","message":"\nInvalid `prisma.invoice.create()` invocation:\n\n{\n  data: {\n    control_number: NaN,\n    total_charge: NaN,\n    invoice_file: \"xxx\",\n    rules: {\n      create: [\n        \"Avgiftsparkering - Billett / elektronisk registrering utløpt - pforskr.§31(2)\",\n        \"Avgiftsparkering - Gyldig billett ikke synlig i frontruten / ingen gyldig elektronisk registrering funnet - pforskr.§31(2)\"\n      ]\n    },\n    created_at: \"17.07.2024 07:22\",\n    status: \"pending\",\n+   kid: String\n  }\n}\n\nArgument `kid` is missing.","timestamp":"2024-07-17 07:22:42"}
{"level":"error","message":"\nInvalid `prisma.invoice.create()` invocation:\n\n{\n  data: {\n    control_number: NaN,\n    total_charge: NaN,\n    invoice_file: \"xxx\",\n    rules: {\n      create: [\n        \"Avgiftsparkering - Billett / elektronisk registrering utløpt - pforskr.§31(2)\",\n        \"Avgiftsparkering - Gyldig billett ikke synlig i frontruten / ingen gyldig elektronisk registrering funnet - pforskr.§31(2)\"\n      ]\n    },\n    created_at: \"17.07.2024 07:22\",\n    status: \"pending\",\n+   kid: String\n  }\n}\n\nArgument `kid` is missing.","timestamp":"2024-07-17 07:22:42"}
{"level":"error","message":"\nInvalid `prisma.invoice.create()` invocation:\n\n{\n  data: {\n    kid: 12345678,\n         ~~~~~~~~\n    control_number: 87654321,\n    total_charge: 500,\n    invoice_file: \"xxx\",\n    rules: {\n      create: [\n        \"Avgiftsparkering - Billett / elektronisk registrering utløpt - pforskr.§31(2)\",\n        \"Avgiftsparkering - Gyldig billett ikke synlig i frontruten / ingen gyldig elektronisk registrering funnet - pforskr.§31(2)\"\n      ]\n    },\n    created_at: \"17.07.2024 07:23\",\n    status: \"pending\"\n  }\n}\n\nArgument `kid`: Invalid value provided. Expected String, provided Int.","timestamp":"2024-07-17 07:23:27"}
{"level":"error","message":"\nInvalid `prisma.invoice.create()` invocation:\n\n{\n  data: {\n    kid: 12345678,\n         ~~~~~~~~\n    control_number: 87654321,\n    total_charge: 500,\n    invoice_file: \"xxx\",\n    rules: {\n      create: [\n        \"Avgiftsparkering - Billett / elektronisk registrering utløpt - pforskr.§31(2)\",\n        \"Avgiftsparkering - Gyldig billett ikke synlig i frontruten / ingen gyldig elektronisk registrering funnet - pforskr.§31(2)\"\n      ]\n    },\n    created_at: \"17.07.2024 07:23\",\n    status: \"pending\"\n  }\n}\n\nArgument `kid`: Invalid value provided. Expected String, provided Int.","timestamp":"2024-07-17 07:23:27"}
{"level":"error","message":"\nInvalid `prisma.invoice.create()` invocation:\n\n{\n  data: {\n    kid: \"12345678\",\n    control_number: 87654321,\n                    ~~~~~~~~\n    total_charge: 500,\n    invoice_file: \"xxx\",\n    rules: {\n      create: [\n        \"Avgiftsparkering - Billett / elektronisk registrering utløpt - pforskr.§31(2)\",\n        \"Avgiftsparkering - Gyldig billett ikke synlig i frontruten / ingen gyldig elektronisk registrering funnet - pforskr.§31(2)\"\n      ]\n    },\n    created_at: \"17.07.2024 07:23\",\n    status: \"pending\"\n  }\n}\n\nArgument `control_number`: Invalid value provided. Expected String, provided Int.","timestamp":"2024-07-17 07:23:53"}
{"level":"error","message":"\nInvalid `prisma.invoice.create()` invocation:\n\n{\n  data: {\n    kid: \"12345678\",\n    control_number: 87654321,\n                    ~~~~~~~~\n    total_charge: 500,\n    invoice_file: \"xxx\",\n    rules: {\n      create: [\n        \"Avgiftsparkering - Billett / elektronisk registrering utløpt - pforskr.§31(2)\",\n        \"Avgiftsparkering - Gyldig billett ikke synlig i frontruten / ingen gyldig elektronisk registrering funnet - pforskr.§31(2)\"\n      ]\n    },\n    created_at: \"17.07.2024 07:23\",\n    status: \"pending\"\n  }\n}\n\nArgument `control_number`: Invalid value provided. Expected String, provided Int.","timestamp":"2024-07-17 07:23:53"}
{"level":"error","message":"\nInvalid `prisma.invoice.create()` invocation:\n\n{\n  data: {\n    kid: \"12345678\",\n    control_number: \"87654321\",\n    total_charge: 500,\n    invoice_file: \"xxx\",\n    rules: {\n      create: [\n        \"Avgiftsparkering - Billett / elektronisk registrering utløpt - pforskr.§31(2)\",\n        \"Avgiftsparkering - Gyldig billett ikke synlig i frontruten / ingen gyldig elektronisk registrering funnet - pforskr.§31(2)\"\n      ]\n      ~~~~~~~~~~~~~~~~~~~~~~~~~~~~~~~~~~~~~~~~~~~~~~~~~~~~~~~~~~~~~~~~~~~~~~~~~~~~~~~~~~~~~~~~~~~~~~~~~~~~~~~~~~~~~~~~~~~~~~~~~~~~~~\n    },\n    created_at: \"17.07.2024 07:24\",\n    status: \"pending\"\n  }\n}\n\nArgument `create`: Invalid value provided. Expected InvoiceRuleCreateWithoutInvoiceInput or InvoiceRuleUncheckedCreateWithoutInvoiceInput, provided String.","timestamp":"2024-07-17 07:24:14"}
{"level":"error","message":"\nInvalid `prisma.invoice.create()` invocation:\n\n{\n  data: {\n    kid: \"12345678\",\n    control_number: \"87654321\",\n    total_charge: 500,\n    invoice_file: \"xxx\",\n    rules: {\n      create: [\n        \"Avgiftsparkering - Billett / elektronisk registrering utløpt - pforskr.§31(2)\",\n        \"Avgiftsparkering - Gyldig billett ikke synlig i frontruten / ingen gyldig elektronisk registrering funnet - pforskr.§31(2)\"\n      ]\n      ~~~~~~~~~~~~~~~~~~~~~~~~~~~~~~~~~~~~~~~~~~~~~~~~~~~~~~~~~~~~~~~~~~~~~~~~~~~~~~~~~~~~~~~~~~~~~~~~~~~~~~~~~~~~~~~~~~~~~~~~~~~~~~\n    },\n    created_at: \"17.07.2024 07:24\",\n    status: \"pending\"\n  }\n}\n\nArgument `create`: Invalid value provided. Expected InvoiceRuleCreateWithoutInvoiceInput or InvoiceRuleUncheckedCreateWithoutInvoiceInput, provided String.","timestamp":"2024-07-17 07:24:14"}
{"level":"error","message":"puppeteer is not defined","timestamp":"2024-07-17 07:35:52"}
{"level":"error","message":"puppeteer is not defined","timestamp":"2024-07-17 07:35:52"}
{"level":"error","message":"Randomstring is not defined","timestamp":"2024-07-17 07:36:12"}
{"level":"error","message":"Randomstring is not defined","timestamp":"2024-07-17 07:36:12"}
{"level":"error","message":"Cannot read properties of null (reading 'screenshot')","timestamp":"2024-07-17 07:36:24"}
{"level":"error","message":"Cannot read properties of null (reading 'screenshot')","timestamp":"2024-07-17 07:36:24"}
{"level":"error","message":"Cannot read properties of null (reading 'screenshot')","timestamp":"2024-07-17 07:36:41"}
{"level":"error","message":"Cannot read properties of null (reading 'screenshot')","timestamp":"2024-07-17 07:36:41"}
{"level":"error","message":"ENOENT: no such file or directory, open 'E:\\workspace\\projects\\sjekk_kontroll\\financial_server\\storage\\invoice\\invoice_SR8aL99eKD.jpg'","timestamp":"2024-07-17 07:37:29"}
{"level":"error","message":"ENOENT: no such file or directory, open 'E:\\workspace\\projects\\sjekk_kontroll\\financial_server\\storage\\invoice\\invoice_SR8aL99eKD.jpg'","timestamp":"2024-07-17 07:37:29"}
{"level":"error","message":"promiseAsyncWrapper is not defined","timestamp":"2024-07-17 19:57:27"}
{"level":"error","message":"promiseAsyncWrapper is not defined","timestamp":"2024-07-17 19:57:27"}
{"level":"error","message":"Manager not found","timestamp":"2024-07-17 19:57:38"}
{"level":"error","message":"Manager not found","timestamp":"2024-07-17 19:57:38"}
{"level":"error","message":"Manager not found","timestamp":"2024-07-17 22:05:00"}
{"level":"error","message":"Manager not found","timestamp":"2024-07-17 22:05:00"}
{"level":"error","message":"Manager not found","timestamp":"2024-07-17 22:05:01"}
{"level":"error","message":"Manager not found","timestamp":"2024-07-17 22:05:01"}
{"level":"error","message":"Manager not found","timestamp":"2024-07-17 22:05:01"}
{"level":"error","message":"Manager not found","timestamp":"2024-07-17 22:05:01"}
{"level":"error","message":"Manager not found","timestamp":"2024-07-17 22:05:03"}
{"level":"error","message":"Manager not found","timestamp":"2024-07-17 22:05:03"}
{"level":"error","message":"Manager not found","timestamp":"2024-07-17 22:05:05"}
{"level":"error","message":"Manager not found","timestamp":"2024-07-17 22:05:05"}
{"level":"error","message":"Cannot read properties of undefined (reading 'map')","timestamp":"2024-07-17 23:19:23"}
{"level":"error","message":"Cannot read properties of undefined (reading 'map')","timestamp":"2024-07-17 23:19:23"}
{"level":"error","message":[{"error":"kid_number cannot be null or empty","field":"kid_number"},{"error":"control_number cannot be null or empty","field":"control_number"},{"error":"total_charge cannot be null or empty","field":"total_charge"}],"timestamp":"2024-07-17 23:21:20"}
{"level":"error","message":[{"error":"kid_number cannot be null or empty","field":"kid_number"},{"error":"control_number cannot be null or empty","field":"control_number"},{"error":"total_charge cannot be null or empty","field":"total_charge"}],"timestamp":"2024-07-17 23:21:20"}
{"level":"error","message":"\nInvalid `prisma.invoice.create()` invocation:\n\n{\n  data: {\n    control_number: \"456\",\n    total_charge: 789,\n    invoice_file: \"invoices/Trz9T0ZoZa.jpg\",\n    rules: {\n      create: []\n    },\n    created_at: \"17.07.2024 23:21\",\n    status: \"pending\",\n+   kid: String\n  }\n}\n\nArgument `kid` is missing.","timestamp":"2024-07-17 23:21:49"}
{"level":"error","message":"\nInvalid `prisma.invoice.create()` invocation:\n\n{\n  data: {\n    control_number: \"456\",\n    total_charge: 789,\n    invoice_file: \"invoices/Trz9T0ZoZa.jpg\",\n    rules: {\n      create: []\n    },\n    created_at: \"17.07.2024 23:21\",\n    status: \"pending\",\n+   kid: String\n  }\n}\n\nArgument `kid` is missing.","timestamp":"2024-07-17 23:21:49"}
{"level":"error","message":"\nInvalid `prisma.invoice.create()` invocation:\n\n{\n  data: {\n    control_number: \"456\",\n    total_charge: 789,\n    invoice_file: \"invoices/V5LBldlv8B.jpg\",\n    rules: {\n      create: []\n    },\n    created_at: \"17.07.2024 23:23\",\n    status: \"pending\",\n+   kid_number: String\n  }\n}\n\nArgument `kid_number` is missing.","timestamp":"2024-07-17 23:23:44"}
{"level":"error","message":"\nInvalid `prisma.invoice.create()` invocation:\n\n{\n  data: {\n    control_number: \"456\",\n    total_charge: 789,\n    invoice_file: \"invoices/V5LBldlv8B.jpg\",\n    rules: {\n      create: []\n    },\n    created_at: \"17.07.2024 23:23\",\n    status: \"pending\",\n+   kid_number: String\n  }\n}\n\nArgument `kid_number` is missing.","timestamp":"2024-07-17 23:23:44"}
{"level":"error","message":"\nInvalid `prisma.invoice.create()` invocation:\n\n{\n  data: {\n    kid_number: 123,\n                ~~~\n    control_number: \"456\",\n    total_charge: 789,\n    invoice_file: \"invoices/51QpAVHUk4.jpg\",\n    rules: {\n      create: []\n    },\n    created_at: \"17.07.2024 23:24\",\n    status: \"pending\"\n  }\n}\n\nArgument `kid_number`: Invalid value provided. Expected String, provided Int.","timestamp":"2024-07-17 23:24:09"}
{"level":"error","message":"\nInvalid `prisma.invoice.create()` invocation:\n\n{\n  data: {\n    kid_number: 123,\n                ~~~\n    control_number: \"456\",\n    total_charge: 789,\n    invoice_file: \"invoices/51QpAVHUk4.jpg\",\n    rules: {\n      create: []\n    },\n    created_at: \"17.07.2024 23:24\",\n    status: \"pending\"\n  }\n}\n\nArgument `kid_number`: Invalid value provided. Expected String, provided Int.","timestamp":"2024-07-17 23:24:09"}
{"level":"error","message":"\nInvalid `prisma.sanctions.create()` invocation:\n\n{\n  data: {\n    invoice_id: 5,\n    due_date: \"Invalid date\",\n+   employee_pnid: String\n  }\n}\n\nArgument `employee_pnid` is missing.","timestamp":"2024-07-17 23:24:30"}
{"level":"error","message":"\nInvalid `prisma.sanctions.create()` invocation:\n\n{\n  data: {\n    invoice_id: 5,\n    due_date: \"Invalid date\",\n+   employee_pnid: String\n  }\n}\n\nArgument `employee_pnid` is missing.","timestamp":"2024-07-17 23:24:30"}
{"level":"error","message":[{"error":"violated_at cannot be null or empty","field":"violated_at"},{"error":"employee_pnid cannot be null or empty","field":"employee_pnid"}],"timestamp":"2024-07-17 23:25:25"}
{"level":"error","message":[{"error":"violated_at cannot be null or empty","field":"violated_at"},{"error":"employee_pnid cannot be null or empty","field":"employee_pnid"}],"timestamp":"2024-07-17 23:25:25"}
{"level":"error","message":"\nInvalid `prisma.sanctions.create()` invocation:\n\n{\n  data: {\n    invoice_id: 6,\n    ~~~~~~~~~~\n    employee_pnid: \"1796\",\n    due_date: \"Invalid date\",\n?   status?: DebtStatus,\n?   deleted_at?: String | Null,\n?   payment?: PaymentCreateNestedOneWithoutSanctionInput\n  }\n}\n\nUnknown argument `invoice_id`. Available options are marked with ?.","timestamp":"2024-07-17 23:25:43"}
{"level":"error","message":"\nInvalid `prisma.sanctions.create()` invocation:\n\n{\n  data: {\n    invoice_id: 6,\n    ~~~~~~~~~~\n    employee_pnid: \"1796\",\n    due_date: \"Invalid date\",\n?   status?: DebtStatus,\n?   deleted_at?: String | Null,\n?   payment?: PaymentCreateNestedOneWithoutSanctionInput\n  }\n}\n\nUnknown argument `invoice_id`. Available options are marked with ?.","timestamp":"2024-07-17 23:25:43"}
{"level":"error","message":"\nInvalid `prisma.sanctions.create()` invocation:\n\n{\n  data: {\n    invoice_id: 7,\n    ~~~~~~~~~~\n    employee_pnid: \"1796\",\n    due_date: \"07.08.2024 11:26\",\n?   status?: DebtStatus,\n?   deleted_at?: String | Null,\n?   payment?: PaymentCreateNestedOneWithoutSanctionInput\n  }\n}\n\nUnknown argument `invoice_id`. Available options are marked with ?.","timestamp":"2024-07-17 23:26:50"}
{"level":"error","message":"\nInvalid `prisma.sanctions.create()` invocation:\n\n{\n  data: {\n    invoice_id: 7,\n    ~~~~~~~~~~\n    employee_pnid: \"1796\",\n    due_date: \"07.08.2024 11:26\",\n?   status?: DebtStatus,\n?   deleted_at?: String | Null,\n?   payment?: PaymentCreateNestedOneWithoutSanctionInput\n  }\n}\n\nUnknown argument `invoice_id`. Available options are marked with ?.","timestamp":"2024-07-17 23:26:50"}
{"level":"error","message":"\nInvalid `prisma.sanctions.create()` invocation:\n\n{\n  data: {\n    invoice: {\n    ~~~~~~~\n      connect: {\n        id: 8\n      }\n    },\n    employee_pnid: \"1796\",\n    due_date: \"07.08.2024 11:26\",\n?   status?: DebtStatus,\n?   deleted_at?: String | Null,\n?   payment?: PaymentCreateNestedOneWithoutSanctionInput\n  }\n}\n\nUnknown argument `invoice`. Available options are marked with ?.","timestamp":"2024-07-17 23:28:21"}
{"level":"error","message":"\nInvalid `prisma.sanctions.create()` invocation:\n\n{\n  data: {\n    invoice: {\n    ~~~~~~~\n      connect: {\n        id: 8\n      }\n    },\n    employee_pnid: \"1796\",\n    due_date: \"07.08.2024 11:26\",\n?   status?: DebtStatus,\n?   deleted_at?: String | Null,\n?   payment?: PaymentCreateNestedOneWithoutSanctionInput\n  }\n}\n\nUnknown argument `invoice`. Available options are marked with ?.","timestamp":"2024-07-17 23:28:21"}
{"level":"error","message":"\nInvalid `prisma.sanctions.create()` invocation:\n\n{\n  data: {\n    invoice_id: 9,\n    ~~~~~~~~~~\n    employee_pnid: \"1796\",\n    due_date: \"07.08.2024 11:26\",\n?   status?: DebtStatus,\n?   deleted_at?: String | Null,\n?   payment?: PaymentCreateNestedOneWithoutSanctionInput\n  }\n}\n\nUnknown argument `invoice_id`. Available options are marked with ?.","timestamp":"2024-07-17 23:28:55"}
{"level":"error","message":"\nInvalid `prisma.sanctions.create()` invocation:\n\n{\n  data: {\n    invoice_id: 9,\n    ~~~~~~~~~~\n    employee_pnid: \"1796\",\n    due_date: \"07.08.2024 11:26\",\n?   status?: DebtStatus,\n?   deleted_at?: String | Null,\n?   payment?: PaymentCreateNestedOneWithoutSanctionInput\n  }\n}\n\nUnknown argument `invoice_id`. Available options are marked with ?.","timestamp":"2024-07-17 23:28:55"}
{"level":"error","message":"\nInvalid `prisma.sanctions.findMany()` invocation:\n\n\nThe table `sanctions` does not exist in the current database.","timestamp":"2024-07-18 02:43:22"}
{"level":"error","message":"\nInvalid `prisma.sanctions.findMany()` invocation:\n\n\nThe table `sanctions` does not exist in the current database.","timestamp":"2024-07-18 02:43:22"}
{"level":"error","message":"\nInvalid `prisma.sanctions.findMany()` invocation:\n\n\nThe table `sanctions` does not exist in the current database.","timestamp":"2024-07-18 02:43:22"}
{"level":"error","message":"\nInvalid `prisma.sanctions.findMany()` invocation:\n\n\nThe table `sanctions` does not exist in the current database.","timestamp":"2024-07-18 02:43:22"}
{"level":"error","message":"\nInvalid `prisma.sanctions.findMany()` invocation:\n\n\nThe table `sanctions` does not exist in the current database.","timestamp":"2024-07-18 02:43:24"}
{"level":"error","message":"\nInvalid `prisma.sanctions.findMany()` invocation:\n\n\nThe table `sanctions` does not exist in the current database.","timestamp":"2024-07-18 02:43:24"}
{"level":"error","message":"\nInvalid `prisma.sanctions.findMany()` invocation:\n\n\nThe table `sanctions` does not exist in the current database.","timestamp":"2024-07-18 02:43:24"}
{"level":"error","message":"\nInvalid `prisma.sanctions.findMany()` invocation:\n\n\nThe table `sanctions` does not exist in the current database.","timestamp":"2024-07-18 02:43:24"}
{"level":"error","message":"\nInvalid `prisma.sanctions.findMany()` invocation:\n\n\nThe table `sanctions` does not exist in the current database.","timestamp":"2024-07-18 02:43:32"}
{"level":"error","message":"\nInvalid `prisma.sanctions.findMany()` invocation:\n\n\nThe table `sanctions` does not exist in the current database.","timestamp":"2024-07-18 02:43:32"}
{"level":"error","message":"\nInvalid `prisma.sanctions.findMany()` invocation:\n\n\nThe table `sanctions` does not exist in the current database.","timestamp":"2024-07-18 02:43:32"}
{"level":"error","message":"\nInvalid `prisma.sanctions.findMany()` invocation:\n\n\nThe table `sanctions` does not exist in the current database.","timestamp":"2024-07-18 02:43:32"}
{"level":"error","message":"\nInvalid `prisma.sanctions.findMany()` invocation:\n\n\nThe table `sanctions` does not exist in the current database.","timestamp":"2024-07-18 02:43:34"}
{"level":"error","message":"\nInvalid `prisma.sanctions.findMany()` invocation:\n\n\nThe table `sanctions` does not exist in the current database.","timestamp":"2024-07-18 02:43:34"}
{"level":"error","message":"\nInvalid `prisma.sanctions.findMany()` invocation:\n\n\nThe table `sanctions` does not exist in the current database.","timestamp":"2024-07-18 02:43:34"}
{"level":"error","message":"\nInvalid `prisma.sanctions.findMany()` invocation:\n\n\nThe table `sanctions` does not exist in the current database.","timestamp":"2024-07-18 02:43:34"}
{"level":"error","message":"Cannot read properties of undefined (reading 'findMany')","timestamp":"2024-07-18 02:43:57"}
{"level":"error","message":"Cannot read properties of undefined (reading 'findMany')","timestamp":"2024-07-18 02:43:57"}
{"level":"error","message":"Cannot read properties of undefined (reading 'findMany')","timestamp":"2024-07-18 02:43:57"}
{"level":"error","message":"Cannot read properties of undefined (reading 'findMany')","timestamp":"2024-07-18 02:43:57"}
{"level":"error","message":[{"error":"username cannot be null or empty","field":"username"},{"error":"password cannot be null or empty","field":"password"}],"timestamp":"2024-07-18 02:52:06"}
{"level":"error","message":[{"error":"username cannot be null or empty","field":"username"},{"error":"password cannot be null or empty","field":"password"}],"timestamp":"2024-07-18 02:52:06"}
{"level":"error","message":[{"error":"name cannot be null or empty","field":"name"},{"error":"username cannot be null or empty","field":"username"},{"error":"linked_email cannot be null or empty","field":"linked_email"},{"error":"password cannot be null or empty","field":"password"}],"timestamp":"2024-07-18 02:52:25"}
{"level":"error","message":[{"error":"name cannot be null or empty","field":"name"},{"error":"username cannot be null or empty","field":"username"},{"error":"linked_email cannot be null or empty","field":"linked_email"},{"error":"password cannot be null or empty","field":"password"}],"timestamp":"2024-07-18 02:52:25"}
{"level":"error","message":"\nInvalid `prisma.manager.create()` invocation:\n\n{\n  data: {\n    username: \"alitarek\",\n    password: \"$2b$10$qMV7yU3VvgX3rwU52Hp/hunLI5gPkBmDGJKi87jq089OEgVghHNFi\",\n    name: \"Ali Tarek\",\n    linked_email: \"alitarek99944@gmail.com\",\n+   role: ManagerRole\n  }\n}\n\nArgument `role` is missing.","timestamp":"2024-07-18 02:53:10"}
{"level":"error","message":"\nInvalid `prisma.manager.create()` invocation:\n\n{\n  data: {\n    username: \"alitarek\",\n    password: \"$2b$10$qMV7yU3VvgX3rwU52Hp/hunLI5gPkBmDGJKi87jq089OEgVghHNFi\",\n    name: \"Ali Tarek\",\n    linked_email: \"alitarek99944@gmail.com\",\n+   role: ManagerRole\n  }\n}\n\nArgument `role` is missing.","timestamp":"2024-07-18 02:53:10"}
{"level":"error","message":"\nInvalid `prisma.manager.create()` invocation:\n\n{\n  data: {\n    username: \"alitarek\",\n    password: \"$2b$10$NAnBICUCgURGiKH2zP/oL.i4izsWm5EtOFz3hEV5lNihzPqJqj6Ie\",\n    name: \"Ali Tarek\",\n    linked_email: \"alitarek99944@gmail.com\",\n    role: \"admin\",\n+   created_at: String\n  }\n}\n\nArgument `created_at` is missing.","timestamp":"2024-07-18 02:53:39"}
{"level":"error","message":"\nInvalid `prisma.manager.create()` invocation:\n\n{\n  data: {\n    username: \"alitarek\",\n    password: \"$2b$10$NAnBICUCgURGiKH2zP/oL.i4izsWm5EtOFz3hEV5lNihzPqJqj6Ie\",\n    name: \"Ali Tarek\",\n    linked_email: \"alitarek99944@gmail.com\",\n    role: \"admin\",\n+   created_at: String\n  }\n}\n\nArgument `created_at` is missing.","timestamp":"2024-07-18 02:53:39"}
{"level":"error","message":"ENOENT: no such file or directory, open 'E:\\workspace\\projects\\sjekk_kontroll\\financial_server\\public\\images\\temp_cars\\images.jpg'","timestamp":"2024-07-18 03:17:28"}
{"level":"error","message":"new_files is not defined","timestamp":"2024-07-18 03:17:56"}
{"level":"error","message":"new_files is not defined","timestamp":"2024-07-18 03:17:56"}
{"level":"error","message":"new_files is not defined","timestamp":"2024-07-18 03:19:43"}
{"level":"error","message":"new_files is not defined","timestamp":"2024-07-18 03:19:43"}
{"level":"error","message":"new_files is not defined","timestamp":"2024-07-18 03:24:56"}
{"level":"error","message":"new_files is not defined","timestamp":"2024-07-18 03:24:56"}
{"level":"error","message":"new_files is not defined","timestamp":"2024-07-18 03:25:14"}
{"level":"error","message":"new_files is not defined","timestamp":"2024-07-18 03:25:14"}
{"level":"error","message":"Manager not found","timestamp":"2024-07-19 01:58:39"}
{"level":"error","message":"Manager not found","timestamp":"2024-07-19 01:58:39"}
{"level":"error","message":"Manager not found","timestamp":"2024-07-19 01:58:47"}
{"level":"error","message":"Manager not found","timestamp":"2024-07-19 01:58:47"}
{"level":"error","message":"Wrong password","timestamp":"2024-07-19 01:58:53"}
{"level":"error","message":"Wrong password","timestamp":"2024-07-19 01:58:53"}
{"level":"error","message":"Wrong password","timestamp":"2024-07-19 01:58:55"}
{"level":"error","message":"Wrong password","timestamp":"2024-07-19 01:58:55"}
{"level":"error","message":"Manager not found","timestamp":"2024-07-19 02:32:24"}
{"level":"error","message":"Manager not found","timestamp":"2024-07-19 02:32:24"}
{"level":"error","message":"Manager not found","timestamp":"2024-07-19 02:32:30"}
{"level":"error","message":"Manager not found","timestamp":"2024-07-19 02:32:30"}
{"level":"error","message":"Wrong password","timestamp":"2024-07-19 02:32:36"}
{"level":"error","message":"Wrong password","timestamp":"2024-07-19 02:32:36"}
{"level":"error","message":"jwt must be provided","timestamp":"2024-07-19 02:46:53"}
{"level":"error","message":"jwt must be provided","timestamp":"2024-07-19 02:46:53"}
{"level":"error","message":"jwt must be provided","timestamp":"2024-07-19 02:46:53"}
{"level":"error","message":"jwt must be provided","timestamp":"2024-07-19 02:46:53"}
{"level":"error","message":[{"error":"token cannot be null or empty","field":"token"}],"timestamp":"2024-07-19 02:53:15"}
{"level":"error","message":[{"error":"token cannot be null or empty","field":"token"}],"timestamp":"2024-07-19 02:53:15"}
{"level":"error","message":[{"error":"token cannot be null or empty","field":"token"}],"timestamp":"2024-07-19 02:53:15"}
{"level":"error","message":[{"error":"token cannot be null or empty","field":"token"}],"timestamp":"2024-07-19 02:53:15"}
{"level":"error","message":[{"error":"token cannot be null or empty","field":"token"}],"timestamp":"2024-07-19 02:54:38"}
{"level":"error","message":[{"error":"token cannot be null or empty","field":"token"}],"timestamp":"2024-07-19 02:54:38"}
{"level":"error","message":[{"error":"token cannot be null or empty","field":"token"}],"timestamp":"2024-07-19 02:54:38"}
{"level":"error","message":[{"error":"token cannot be null or empty","field":"token"}],"timestamp":"2024-07-19 02:54:38"}
{"level":"error","message":"\nInvalid `prisma.login.findMany()` invocation:\n\n{\n  where: {\n+   manager_id: {\n+     equals: Int | IntFieldRefInput,\n+     in: Int[],\n+     notIn: Int[],\n+     lt: Int | IntFieldRefInput,\n+     lte: Int | IntFieldRefInput,\n+     gt: Int | IntFieldRefInput,\n+     gte: Int | IntFieldRefInput,\n+     not: Int | NestedIntFilter\n+   }\n  }\n}\n\nArgument `manager_id` is missing.","timestamp":"2024-07-19 21:08:20"}
{"level":"error","message":"\nInvalid `prisma.login.findMany()` invocation:\n\n{\n  where: {\n+   manager_id: {\n+     equals: Int | IntFieldRefInput,\n+     in: Int[],\n+     notIn: Int[],\n+     lt: Int | IntFieldRefInput,\n+     lte: Int | IntFieldRefInput,\n+     gt: Int | IntFieldRefInput,\n+     gte: Int | IntFieldRefInput,\n+     not: Int | NestedIntFilter\n+   }\n  }\n}\n\nArgument `manager_id` is missing.","timestamp":"2024-07-19 21:08:20"}
{"level":"error","message":"\nInvalid `prisma.login.findMany()` invocation:\n\n{\n  where: {\n+   manager_id: {\n+     equals: Int | IntFieldRefInput,\n+     in: Int[],\n+     notIn: Int[],\n+     lt: Int | IntFieldRefInput,\n+     lte: Int | IntFieldRefInput,\n+     gt: Int | IntFieldRefInput,\n+     gte: Int | IntFieldRefInput,\n+     not: Int | NestedIntFilter\n+   }\n  }\n}\n\nArgument `manager_id` is missing.","timestamp":"2024-07-19 21:08:20"}
{"level":"error","message":"\nInvalid `prisma.login.findMany()` invocation:\n\n{\n  where: {\n+   manager_id: {\n+     equals: Int | IntFieldRefInput,\n+     in: Int[],\n+     notIn: Int[],\n+     lt: Int | IntFieldRefInput,\n+     lte: Int | IntFieldRefInput,\n+     gt: Int | IntFieldRefInput,\n+     gte: Int | IntFieldRefInput,\n+     not: Int | NestedIntFilter\n+   }\n  }\n}\n\nArgument `manager_id` is missing.","timestamp":"2024-07-19 21:08:20"}
{"level":"error","message":"\nInvalid `prisma.login.findMany()` invocation:\n\n{\n  where: {\n+   manager_id: {\n+     equals: Int | IntFieldRefInput,\n+     in: Int[],\n+     notIn: Int[],\n+     lt: Int | IntFieldRefInput,\n+     lte: Int | IntFieldRefInput,\n+     gt: Int | IntFieldRefInput,\n+     gte: Int | IntFieldRefInput,\n+     not: Int | NestedIntFilter\n+   }\n  }\n}\n\nArgument `manager_id` is missing.","timestamp":"2024-07-19 21:08:38"}
{"level":"error","message":"\nInvalid `prisma.login.findMany()` invocation:\n\n{\n  where: {\n+   manager_id: {\n+     equals: Int | IntFieldRefInput,\n+     in: Int[],\n+     notIn: Int[],\n+     lt: Int | IntFieldRefInput,\n+     lte: Int | IntFieldRefInput,\n+     gt: Int | IntFieldRefInput,\n+     gte: Int | IntFieldRefInput,\n+     not: Int | NestedIntFilter\n+   }\n  }\n}\n\nArgument `manager_id` is missing.","timestamp":"2024-07-19 21:08:38"}
{"level":"error","message":"\nInvalid `prisma.login.findMany()` invocation:\n\n{\n  where: {\n+   manager_id: {\n+     equals: Int | IntFieldRefInput,\n+     in: Int[],\n+     notIn: Int[],\n+     lt: Int | IntFieldRefInput,\n+     lte: Int | IntFieldRefInput,\n+     gt: Int | IntFieldRefInput,\n+     gte: Int | IntFieldRefInput,\n+     not: Int | NestedIntFilter\n+   }\n  }\n}\n\nArgument `manager_id` is missing.","timestamp":"2024-07-19 21:08:39"}
{"level":"error","message":"\nInvalid `prisma.login.findMany()` invocation:\n\n{\n  where: {\n+   manager_id: {\n+     equals: Int | IntFieldRefInput,\n+     in: Int[],\n+     notIn: Int[],\n+     lt: Int | IntFieldRefInput,\n+     lte: Int | IntFieldRefInput,\n+     gt: Int | IntFieldRefInput,\n+     gte: Int | IntFieldRefInput,\n+     not: Int | NestedIntFilter\n+   }\n  }\n}\n\nArgument `manager_id` is missing.","timestamp":"2024-07-19 21:08:39"}
{"level":"error","message":"\nInvalid `prisma.login.findMany()` invocation:\n\n{\n  where: {\n+   manager_id: {\n+     equals: Int | IntFieldRefInput,\n+     in: Int[],\n+     notIn: Int[],\n+     lt: Int | IntFieldRefInput,\n+     lte: Int | IntFieldRefInput,\n+     gt: Int | IntFieldRefInput,\n+     gte: Int | IntFieldRefInput,\n+     not: Int | NestedIntFilter\n+   }\n  }\n}\n\nArgument `manager_id` is missing.","timestamp":"2024-07-19 21:08:39"}
{"level":"error","message":"\nInvalid `prisma.login.findMany()` invocation:\n\n{\n  where: {\n+   manager_id: {\n+     equals: Int | IntFieldRefInput,\n+     in: Int[],\n+     notIn: Int[],\n+     lt: Int | IntFieldRefInput,\n+     lte: Int | IntFieldRefInput,\n+     gt: Int | IntFieldRefInput,\n+     gte: Int | IntFieldRefInput,\n+     not: Int | NestedIntFilter\n+   }\n  }\n}\n\nArgument `manager_id` is missing.","timestamp":"2024-07-19 21:08:39"}
{"level":"error","message":"\nInvalid `prisma.login.findMany()` invocation:\n\n{\n  where: {\n+   manager_id: {\n+     equals: Int | IntFieldRefInput,\n+     in: Int[],\n+     notIn: Int[],\n+     lt: Int | IntFieldRefInput,\n+     lte: Int | IntFieldRefInput,\n+     gt: Int | IntFieldRefInput,\n+     gte: Int | IntFieldRefInput,\n+     not: Int | NestedIntFilter\n+   }\n  }\n}\n\nArgument `manager_id` is missing.","timestamp":"2024-07-19 21:08:40"}
{"level":"error","message":"\nInvalid `prisma.login.findMany()` invocation:\n\n{\n  where: {\n+   manager_id: {\n+     equals: Int | IntFieldRefInput,\n+     in: Int[],\n+     notIn: Int[],\n+     lt: Int | IntFieldRefInput,\n+     lte: Int | IntFieldRefInput,\n+     gt: Int | IntFieldRefInput,\n+     gte: Int | IntFieldRefInput,\n+     not: Int | NestedIntFilter\n+   }\n  }\n}\n\nArgument `manager_id` is missing.","timestamp":"2024-07-19 21:08:40"}
{"level":"error","message":"Wrong password","timestamp":"2024-07-20 00:12:18"}
{"level":"error","message":"Wrong password","timestamp":"2024-07-20 00:12:18"}
{"level":"error","message":"\nInvalid `prisma.invoice.update()` invocation:\n\n{\n  where: {\n    sanction_id: 2\n  },\n  data: {\n    deleted_at: \"20.07.2024 03:04\",\n    ~~~~~~~~~~\n?   kid_number?: String | StringFieldUpdateOperationsInput,\n?   control_number?: String | StringFieldUpdateOperationsInput,\n?   total_charge?: Float | FloatFieldUpdateOperationsInput,\n?   status?: InvoiceStatus | EnumInvoiceStatusFieldUpdateOperationsInput,\n?   invoice_file?: String | StringFieldUpdateOperationsInput,\n?   created_at?: String | StringFieldUpdateOperationsInput,\n?   rules?: InvoiceRuleUpdateManyWithoutInvoiceNestedInput,\n?   sanction?: SanctionUpdateOneWithoutInvoiceNestedInput\n  }\n}\n\nUnknown argument `deleted_at`. Available options are marked with ?.","timestamp":"2024-07-20 03:04:09"}
{"level":"error","message":"\nInvalid `prisma.invoice.update()` invocation:\n\n{\n  where: {\n    sanction_id: 2\n  },\n  data: {\n    deleted_at: \"20.07.2024 03:04\",\n    ~~~~~~~~~~\n?   kid_number?: String | StringFieldUpdateOperationsInput,\n?   control_number?: String | StringFieldUpdateOperationsInput,\n?   total_charge?: Float | FloatFieldUpdateOperationsInput,\n?   status?: InvoiceStatus | EnumInvoiceStatusFieldUpdateOperationsInput,\n?   invoice_file?: String | StringFieldUpdateOperationsInput,\n?   created_at?: String | StringFieldUpdateOperationsInput,\n?   rules?: InvoiceRuleUpdateManyWithoutInvoiceNestedInput,\n?   sanction?: SanctionUpdateOneWithoutInvoiceNestedInput\n  }\n}\n\nUnknown argument `deleted_at`. Available options are marked with ?.","timestamp":"2024-07-20 03:04:09"}
{"level":"error","message":"Manager not found","timestamp":"2024-07-23 08:01:44"}
{"level":"error","message":"Manager not found","timestamp":"2024-07-23 08:01:44"}
{"level":"error","message":"\nInvalid `prisma.invoice.create()` invocation:\n\n{\n  data: {\n    kid_number: \"100000\",\n    control_number: \"22264\",\n    sanction_id: 9,\n    total_charge: 88198,\n    invoice_file: \"invoices/4O4npkag19.jpg\",\n    rules: {\n      create: [\n        {\n          rule: {\n            name: \"1 - Avgiftsparkering - Billett / elektronisk registrering utløpt - pforskr.§31(2)\",\n            charge: 660\n          }\n        },\n        {\n          rule: {\n            name: \"2 - Avgiftsparkering - Gyldig billett ikke synlig i frontruten / ingen gyldig elektronisk registrering funnet - pforskr.§31(2)\",\n            charge: 660\n          }\n        }\n      ]\n    },\n    created_at: \"23.07.2024 08:22\",\n    status: \"pending\"\n  }\n}\n\nArgument `name` is missing.","timestamp":"2024-07-23 08:22:48"}
{"level":"error","message":"\nInvalid `prisma.invoice.create()` invocation:\n\n{\n  data: {\n    kid_number: \"100000\",\n    control_number: \"22264\",\n    sanction_id: 9,\n    total_charge: 88198,\n    invoice_file: \"invoices/4O4npkag19.jpg\",\n    rules: {\n      create: [\n        {\n          rule: {\n            name: \"1 - Avgiftsparkering - Billett / elektronisk registrering utløpt - pforskr.§31(2)\",\n            charge: 660\n          }\n        },\n        {\n          rule: {\n            name: \"2 - Avgiftsparkering - Gyldig billett ikke synlig i frontruten / ingen gyldig elektronisk registrering funnet - pforskr.§31(2)\",\n            charge: 660\n          }\n        }\n      ]\n    },\n    created_at: \"23.07.2024 08:22\",\n    status: \"pending\"\n  }\n}\n\nArgument `name` is missing.","timestamp":"2024-07-23 08:22:48"}
{"level":"error","message":"\nInvalid `prisma.invoice.update()` invocation:\n\n\nAn operation failed because it depends on one or more records that were required but not found. Record to update not found.","timestamp":"2024-07-23 08:23:42"}
{"level":"error","message":"\nInvalid `prisma.invoice.update()` invocation:\n\n\nAn operation failed because it depends on one or more records that were required but not found. Record to update not found.","timestamp":"2024-07-23 08:23:42"}
{"level":"error","message":"\nInvalid `prisma.invoice.update()` invocation:\n\n\nAn operation failed because it depends on one or more records that were required but not found. Record to update not found.","timestamp":"2024-07-23 08:24:38"}
{"level":"error","message":"\nInvalid `prisma.invoice.update()` invocation:\n\n\nAn operation failed because it depends on one or more records that were required but not found. Record to update not found.","timestamp":"2024-07-23 08:24:38"}
{"level":"error","message":"\nInvalid `prisma.invoice.update()` invocation:\n\n\nAn operation failed because it depends on one or more records that were required but not found. Record to update not found.","timestamp":"2024-07-23 08:24:57"}
{"level":"error","message":"\nInvalid `prisma.invoice.update()` invocation:\n\n\nAn operation failed because it depends on one or more records that were required but not found. Record to update not found.","timestamp":"2024-07-23 08:24:57"}
{"level":"error","message":"new_files is not defined","timestamp":"2024-07-23 08:57:34"}
{"level":"error","message":"new_files is not defined","timestamp":"2024-07-23 08:57:34"}
{"level":"error","message":"new_files is not defined","timestamp":"2024-07-23 08:58:03"}
{"level":"error","message":"new_files is not defined","timestamp":"2024-07-23 08:58:03"}
{"level":"error","message":"new_files is not defined","timestamp":"2024-07-23 09:01:16"}
{"level":"error","message":"new_files is not defined","timestamp":"2024-07-23 09:01:16"}
{"level":"error","message":"new_files is not defined","timestamp":"2024-07-23 09:01:31"}
{"level":"error","message":"new_files is not defined","timestamp":"2024-07-23 09:01:31"}
{"level":"error","message":"ENOENT: no such file or directory, open 'E:\\workspace\\projects\\sjekk_kontroll\\financial_server\\storage\\files\\attachments\\attachment_WH4U0q3lYr.jpg'","timestamp":"2024-07-23 09:04:02"}
{"level":"error","message":"new_files is not defined","timestamp":"2024-07-23 09:04:31"}
{"level":"error","message":"new_files is not defined","timestamp":"2024-07-23 09:04:31"}
{"level":"error","message":"id is not defined","timestamp":"2024-07-23 09:06:05"}
{"level":"error","message":"id is not defined","timestamp":"2024-07-23 09:06:05"}
{"level":"error","message":"\nInvalid `prisma.sanctionFile.createMany()` invocation:\n\n{\n  data: [\n    {\n      file_name: \"attachment_4hHEuu6u7K.jpg\",\n      file_path: \"storage/files/attachments/attachment_4hHEuu6u7K.jpg\",\n      file_size: \"6.80 KB\",\n      file_extension: \"jpg\",\n      file_type: \"image/jpeg\",\n      sanction_id: 7\n    },\n    {\n      file_name: \"attachment_jBlhKwcFmN.jpg\",\n      file_path: \"storage/files/attachments/attachment_jBlhKwcFmN.jpg\",\n      file_size: \"2049.30 KB\",\n      file_extension: \"jpg\",\n      file_type: \"image/jpeg\",\n      sanction_id: 7\n    }\n  ]\n}\n\nArgument `uploaded_at` is missing.","timestamp":"2024-07-23 09:06:34"}
{"level":"error","message":"\nInvalid `prisma.sanctionFile.createMany()` invocation:\n\n{\n  data: [\n    {\n      file_name: \"attachment_4hHEuu6u7K.jpg\",\n      file_path: \"storage/files/attachments/attachment_4hHEuu6u7K.jpg\",\n      file_size: \"6.80 KB\",\n      file_extension: \"jpg\",\n      file_type: \"image/jpeg\",\n      sanction_id: 7\n    },\n    {\n      file_name: \"attachment_jBlhKwcFmN.jpg\",\n      file_path: \"storage/files/attachments/attachment_jBlhKwcFmN.jpg\",\n      file_size: \"2049.30 KB\",\n      file_extension: \"jpg\",\n      file_type: \"image/jpeg\",\n      sanction_id: 7\n    }\n  ]\n}\n\nArgument `uploaded_at` is missing.","timestamp":"2024-07-23 09:06:34"}
{"level":"error","message":"\nInvalid `prisma.sanctionFile.createMany()` invocation:\n\n{\n  data: [\n    {\n      file_name: \"attachment_cGCQA4W4OZ.jpg\",\n      file_path: \"storage/files/attachments/attachment_cGCQA4W4OZ.jpg\",\n      file_size: \"6.80 KB\",\n      file_extension: \"jpg\",\n      file_type: \"image/jpeg\",\n      sanction_id: 7,\n      uploaded_at: \"23.07.2024 09:07\"\n    },\n    {\n      file_name: \"attachment_Ugf46qrNFj.jpg\",\n      file_path: \"storage/files/attachments/attachment_Ugf46qrNFj.jpg\",\n      file_size: \"2049.30 KB\",\n      file_extension: \"jpg\",\n      file_type: \"image/jpeg\",\n      sanction_id: 7,\n      uploaded_at: \"23.07.2024 09:07\"\n    }\n  ]\n}\n\nArgument `uploaded_by_id` is missing.","timestamp":"2024-07-23 09:07:03"}
{"level":"error","message":"\nInvalid `prisma.sanctionFile.createMany()` invocation:\n\n{\n  data: [\n    {\n      file_name: \"attachment_cGCQA4W4OZ.jpg\",\n      file_path: \"storage/files/attachments/attachment_cGCQA4W4OZ.jpg\",\n      file_size: \"6.80 KB\",\n      file_extension: \"jpg\",\n      file_type: \"image/jpeg\",\n      sanction_id: 7,\n      uploaded_at: \"23.07.2024 09:07\"\n    },\n    {\n      file_name: \"attachment_Ugf46qrNFj.jpg\",\n      file_path: \"storage/files/attachments/attachment_Ugf46qrNFj.jpg\",\n      file_size: \"2049.30 KB\",\n      file_extension: \"jpg\",\n      file_type: \"image/jpeg\",\n      sanction_id: 7,\n      uploaded_at: \"23.07.2024 09:07\"\n    }\n  ]\n}\n\nArgument `uploaded_by_id` is missing.","timestamp":"2024-07-23 09:07:03"}
{"level":"error","message":"\nInvalid `prisma.sanctionFile.createMany()` invocation:\n\n{\n  data: [\n    {\n      file_name: \"attachment_TOUlIHPG9S.jpg\",\n      file_path: \"storage/files/attachments/attachment_TOUlIHPG9S.jpg\",\n      file_size: \"6.80\",\n      file_extension: \"jpg\",\n      file_type: \"image\",\n      sanction_id: 7,\n      uploaded_at: \"23.07.2024 09:08\"\n    },\n    {\n      file_name: \"attachment_6oCtmmuG4z.jpg\",\n      file_path: \"storage/files/attachments/attachment_6oCtmmuG4z.jpg\",\n      file_size: \"2049.30\",\n      file_extension: \"jpg\",\n      file_type: \"image\",\n      sanction_id: 7,\n      uploaded_at: \"23.07.2024 09:08\"\n    }\n  ]\n}\n\nArgument `uploaded_by_id` is missing.","timestamp":"2024-07-23 09:08:04"}
{"level":"error","message":"\nInvalid `prisma.sanctionFile.createMany()` invocation:\n\n{\n  data: [\n    {\n      file_name: \"attachment_TOUlIHPG9S.jpg\",\n      file_path: \"storage/files/attachments/attachment_TOUlIHPG9S.jpg\",\n      file_size: \"6.80\",\n      file_extension: \"jpg\",\n      file_type: \"image\",\n      sanction_id: 7,\n      uploaded_at: \"23.07.2024 09:08\"\n    },\n    {\n      file_name: \"attachment_6oCtmmuG4z.jpg\",\n      file_path: \"storage/files/attachments/attachment_6oCtmmuG4z.jpg\",\n      file_size: \"2049.30\",\n      file_extension: \"jpg\",\n      file_type: \"image\",\n      sanction_id: 7,\n      uploaded_at: \"23.07.2024 09:08\"\n    }\n  ]\n}\n\nArgument `uploaded_by_id` is missing.","timestamp":"2024-07-23 09:08:04"}
{"level":"error","message":"\nInvalid `prisma.sanctionFile.createMany()` invocation:\n\n{\n  data: [\n    {\n      file_name: \"attachment_UWGUs4gsb0.jpg\",\n      file_path: \"storage/files/attachments/attachment_UWGUs4gsb0.jpg\",\n      file_size: \"6.80\",\n      file_extension: \"jpg\",\n      file_type: \"image\",\n      sanction_id: 7,\n      uploaded_at: \"23.07.2024 09:08\",\n      uploaded_by_id: 1\n    },\n    {\n      file_name: \"attachment_avHXk8hWGN.jpg\",\n      file_path: \"storage/files/attachments/attachment_avHXk8hWGN.jpg\",\n      file_size: \"2049.30\",\n      file_extension: \"jpg\",\n      file_type: \"image\",\n      sanction_id: 7,\n      uploaded_at: \"23.07.2024 09:08\",\n      uploaded_by_id: 1\n    }\n  ]\n}\n\nArgument `file_size`: Invalid value provided. Expected Float, provided String.","timestamp":"2024-07-23 09:08:36"}
{"level":"error","message":"\nInvalid `prisma.sanctionFile.createMany()` invocation:\n\n{\n  data: [\n    {\n      file_name: \"attachment_UWGUs4gsb0.jpg\",\n      file_path: \"storage/files/attachments/attachment_UWGUs4gsb0.jpg\",\n      file_size: \"6.80\",\n      file_extension: \"jpg\",\n      file_type: \"image\",\n      sanction_id: 7,\n      uploaded_at: \"23.07.2024 09:08\",\n      uploaded_by_id: 1\n    },\n    {\n      file_name: \"attachment_avHXk8hWGN.jpg\",\n      file_path: \"storage/files/attachments/attachment_avHXk8hWGN.jpg\",\n      file_size: \"2049.30\",\n      file_extension: \"jpg\",\n      file_type: \"image\",\n      sanction_id: 7,\n      uploaded_at: \"23.07.2024 09:08\",\n      uploaded_by_id: 1\n    }\n  ]\n}\n\nArgument `file_size`: Invalid value provided. Expected Float, provided String.","timestamp":"2024-07-23 09:08:36"}
{"level":"error","message":"\nInvalid `prisma.sanctionFile.createMany()` invocation:\n\n{\n  data: [\n    {\n      file_name: \"attachment_jIzMN0MYbD.jpg\",\n      file_path: \"storage/files/attachments/attachment_jIzMN0MYbD.jpg\",\n      file_size: 6.8,\n      file_extension: \"jpg\",\n      file_type: \"image\",\n      sanction_id: NaN,\n      uploaded_at: \"23.07.2024 09:15\",\n      uploaded_by_id: 1\n    },\n    {\n      file_name: \"attachment_BNB8ZMhmCM.png\",\n      file_path: \"storage/files/attachments/attachment_BNB8ZMhmCM.png\",\n      file_size: 2.31,\n      file_extension: \"png\",\n      file_type: \"image\",\n      sanction_id: NaN,\n      uploaded_at: \"23.07.2024 09:15\",\n      uploaded_by_id: 1\n    }\n  ]\n}\n\nArgument `sanction_id` is missing.","timestamp":"2024-07-23 09:15:27"}
{"level":"error","message":"\nInvalid `prisma.sanctionFile.createMany()` invocation:\n\n{\n  data: [\n    {\n      file_name: \"attachment_jIzMN0MYbD.jpg\",\n      file_path: \"storage/files/attachments/attachment_jIzMN0MYbD.jpg\",\n      file_size: 6.8,\n      file_extension: \"jpg\",\n      file_type: \"image\",\n      sanction_id: NaN,\n      uploaded_at: \"23.07.2024 09:15\",\n      uploaded_by_id: 1\n    },\n    {\n      file_name: \"attachment_BNB8ZMhmCM.png\",\n      file_path: \"storage/files/attachments/attachment_BNB8ZMhmCM.png\",\n      file_size: 2.31,\n      file_extension: \"png\",\n      file_type: \"image\",\n      sanction_id: NaN,\n      uploaded_at: \"23.07.2024 09:15\",\n      uploaded_by_id: 1\n    }\n  ]\n}\n\nArgument `sanction_id` is missing.","timestamp":"2024-07-23 09:15:27"}
{"level":"error","message":"\nInvalid `prisma.sanctionFile.createMany()` invocation:\n\n{\n  data: [\n    {\n      file_name: \"attachment_MkvQ5iVufx.jpg\",\n      file_path: \"storage/files/attachments/attachment_MkvQ5iVufx.jpg\",\n      file_size: 6.8,\n      file_extension: \"jpg\",\n      file_type: \"image\",\n      sanction_id: NaN,\n      uploaded_at: \"23.07.2024 09:15\",\n      uploaded_by_id: 1\n    },\n    {\n      file_name: \"attachment_rAquoaIJcb.png\",\n      file_path: \"storage/files/attachments/attachment_rAquoaIJcb.png\",\n      file_size: 2.31,\n      file_extension: \"png\",\n      file_type: \"image\",\n      sanction_id: NaN,\n      uploaded_at: \"23.07.2024 09:15\",\n      uploaded_by_id: 1\n    }\n  ]\n}\n\nArgument `sanction_id` is missing.","timestamp":"2024-07-23 09:15:52"}
{"level":"error","message":"\nInvalid `prisma.sanctionFile.createMany()` invocation:\n\n{\n  data: [\n    {\n      file_name: \"attachment_MkvQ5iVufx.jpg\",\n      file_path: \"storage/files/attachments/attachment_MkvQ5iVufx.jpg\",\n      file_size: 6.8,\n      file_extension: \"jpg\",\n      file_type: \"image\",\n      sanction_id: NaN,\n      uploaded_at: \"23.07.2024 09:15\",\n      uploaded_by_id: 1\n    },\n    {\n      file_name: \"attachment_rAquoaIJcb.png\",\n      file_path: \"storage/files/attachments/attachment_rAquoaIJcb.png\",\n      file_size: 2.31,\n      file_extension: \"png\",\n      file_type: \"image\",\n      sanction_id: NaN,\n      uploaded_at: \"23.07.2024 09:15\",\n      uploaded_by_id: 1\n    }\n  ]\n}\n\nArgument `sanction_id` is missing.","timestamp":"2024-07-23 09:15:52"}
{"level":"error","message":"\nInvalid `prisma.sanctionFile.createMany()` invocation:\n\n{\n  data: [\n    {\n      file_name: \"attachment_fbe6MbQcqh.jpg\",\n      file_path: \"storage/files/attachments/attachment_fbe6MbQcqh.jpg\",\n      file_size: 6.8,\n      file_extension: \"jpg\",\n      file_type: \"image\",\n      sanction_id: NaN,\n      uploaded_at: \"23.07.2024 09:16\",\n      uploaded_by_id: 1\n    },\n    {\n      file_name: \"attachment_MFCQ4q99HA.png\",\n      file_path: \"storage/files/attachments/attachment_MFCQ4q99HA.png\",\n      file_size: 2.31,\n      file_extension: \"png\",\n      file_type: \"image\",\n      sanction_id: NaN,\n      uploaded_at: \"23.07.2024 09:16\",\n      uploaded_by_id: 1\n    }\n  ]\n}\n\nArgument `sanction_id` is missing.","timestamp":"2024-07-23 09:16:20"}
{"level":"error","message":"\nInvalid `prisma.sanctionFile.createMany()` invocation:\n\n{\n  data: [\n    {\n      file_name: \"attachment_fbe6MbQcqh.jpg\",\n      file_path: \"storage/files/attachments/attachment_fbe6MbQcqh.jpg\",\n      file_size: 6.8,\n      file_extension: \"jpg\",\n      file_type: \"image\",\n      sanction_id: NaN,\n      uploaded_at: \"23.07.2024 09:16\",\n      uploaded_by_id: 1\n    },\n    {\n      file_name: \"attachment_MFCQ4q99HA.png\",\n      file_path: \"storage/files/attachments/attachment_MFCQ4q99HA.png\",\n      file_size: 2.31,\n      file_extension: \"png\",\n      file_type: \"image\",\n      sanction_id: NaN,\n      uploaded_at: \"23.07.2024 09:16\",\n      uploaded_by_id: 1\n    }\n  ]\n}\n\nArgument `sanction_id` is missing.","timestamp":"2024-07-23 09:16:20"}
{"level":"error","message":"\nInvalid `prisma.sanctionFile.createMany()` invocation:\n\n{\n  data: [\n    {\n      file_name: \"attachment_LJ1fNmlYYa.jpg\",\n      file_path: \"storage/files/attachments/attachment_LJ1fNmlYYa.jpg\",\n      file_size: 6.8,\n      file_extension: \"jpg\",\n      file_type: \"image\",\n      sanction_id: NaN,\n      uploaded_at: \"23.07.2024 09:16\",\n      uploaded_by_id: 1\n    },\n    {\n      file_name: \"attachment_Gb5mAHj9wP.png\",\n      file_path: \"storage/files/attachments/attachment_Gb5mAHj9wP.png\",\n      file_size: 2.31,\n      file_extension: \"png\",\n      file_type: \"image\",\n      sanction_id: NaN,\n      uploaded_at: \"23.07.2024 09:16\",\n      uploaded_by_id: 1\n    }\n  ]\n}\n\nArgument `sanction_id` is missing.","timestamp":"2024-07-23 09:16:56"}
{"level":"error","message":"\nInvalid `prisma.sanctionFile.createMany()` invocation:\n\n{\n  data: [\n    {\n      file_name: \"attachment_LJ1fNmlYYa.jpg\",\n      file_path: \"storage/files/attachments/attachment_LJ1fNmlYYa.jpg\",\n      file_size: 6.8,\n      file_extension: \"jpg\",\n      file_type: \"image\",\n      sanction_id: NaN,\n      uploaded_at: \"23.07.2024 09:16\",\n      uploaded_by_id: 1\n    },\n    {\n      file_name: \"attachment_Gb5mAHj9wP.png\",\n      file_path: \"storage/files/attachments/attachment_Gb5mAHj9wP.png\",\n      file_size: 2.31,\n      file_extension: \"png\",\n      file_type: \"image\",\n      sanction_id: NaN,\n      uploaded_at: \"23.07.2024 09:16\",\n      uploaded_by_id: 1\n    }\n  ]\n}\n\nArgument `sanction_id` is missing.","timestamp":"2024-07-23 09:16:56"}
{"level":"error","message":"\nInvalid `prisma.sanctionFile.createMany()` invocation:\n\n{\n  data: [\n    {\n      file_name: \"attachment_qzqAZ2MNhb.jpg\",\n      file_path: \"storage/files/attachments/attachment_qzqAZ2MNhb.jpg\",\n      file_size: 6.8,\n      file_extension: \"jpg\",\n      file_type: \"image\",\n      sanction_id: NaN,\n      uploaded_at: \"23.07.2024 09:18\",\n      uploaded_by_id: 1\n    },\n    {\n      file_name: \"attachment_ChnDeVvEAW.png\",\n      file_path: \"storage/files/attachments/attachment_ChnDeVvEAW.png\",\n      file_size: 2.31,\n      file_extension: \"png\",\n      file_type: \"image\",\n      sanction_id: NaN,\n      uploaded_at: \"23.07.2024 09:18\",\n      uploaded_by_id: 1\n    }\n  ]\n}\n\nArgument `sanction_id` is missing.","timestamp":"2024-07-23 09:18:06"}
{"level":"error","message":"\nInvalid `prisma.sanctionFile.createMany()` invocation:\n\n{\n  data: [\n    {\n      file_name: \"attachment_qzqAZ2MNhb.jpg\",\n      file_path: \"storage/files/attachments/attachment_qzqAZ2MNhb.jpg\",\n      file_size: 6.8,\n      file_extension: \"jpg\",\n      file_type: \"image\",\n      sanction_id: NaN,\n      uploaded_at: \"23.07.2024 09:18\",\n      uploaded_by_id: 1\n    },\n    {\n      file_name: \"attachment_ChnDeVvEAW.png\",\n      file_path: \"storage/files/attachments/attachment_ChnDeVvEAW.png\",\n      file_size: 2.31,\n      file_extension: \"png\",\n      file_type: \"image\",\n      sanction_id: NaN,\n      uploaded_at: \"23.07.2024 09:18\",\n      uploaded_by_id: 1\n    }\n  ]\n}\n\nArgument `sanction_id` is missing.","timestamp":"2024-07-23 09:18:06"}
{"level":"error","message":"\nInvalid `prisma.invoice.findFirst()` invocation:\n\n{\n  where: {\n    control_number: 22264\n                    ~~~~~\n  }\n}\n\nArgument `control_number`: Invalid value provided. Expected StringFilter or String, provided Int.","timestamp":"2024-07-23 09:18:56"}
{"level":"error","message":"\nInvalid `prisma.invoice.findFirst()` invocation:\n\n{\n  where: {\n    control_number: 22264\n                    ~~~~~\n  }\n}\n\nArgument `control_number`: Invalid value provided. Expected StringFilter or String, provided Int.","timestamp":"2024-07-23 09:18:56"}
{"level":"error","message":"\nInvalid `prisma.manager.findFirst()` invocation:\n\n\nDatabase `finance` does not exist on the database server at `localhost:3306`.","timestamp":"2024-07-27 15:40:10"}
{"level":"error","message":"\nInvalid `prisma.manager.findFirst()` invocation:\n\n\nDatabase `finance` does not exist on the database server at `localhost:3306`.","timestamp":"2024-07-27 15:40:10"}
{"level":"error","message":"\nInvalid `prisma.manager.create()` invocation:\n\n\nDatabase `finance` does not exist on the database server at `localhost:3306`.","timestamp":"2024-07-27 15:40:34"}
{"level":"error","message":"\nInvalid `prisma.manager.create()` invocation:\n\n\nDatabase `finance` does not exist on the database server at `localhost:3306`.","timestamp":"2024-07-27 15:40:34"}
{"level":"error","message":[{"error":"username cannot be null or empty","field":"username"},{"error":"linked_email cannot be null or empty","field":"linked_email"}],"timestamp":"2024-07-27 16:15:07"}
{"level":"error","message":[{"error":"username cannot be null or empty","field":"username"},{"error":"linked_email cannot be null or empty","field":"linked_email"}],"timestamp":"2024-07-27 16:15:07"}
{"level":"error","message":[{"error":"username cannot be null or empty","field":"username"}],"timestamp":"2024-07-27 16:16:05"}
{"level":"error","message":[{"error":"username cannot be null or empty","field":"username"}],"timestamp":"2024-07-27 16:16:05"}
{"level":"error","message":[{"error":"username cannot be null or empty","field":"username"}],"timestamp":"2024-07-27 16:17:16"}
{"level":"error","message":[{"error":"username cannot be null or empty","field":"username"}],"timestamp":"2024-07-27 16:17:16"}
{"level":"error","message":"\nInvalid `prisma.manager.update()` invocation:\n\n{\n  where: {\n+   id: Int\n  },\n  data: {\n    name: \"mutaz\",\n    username: \"mutaz\",\n    linked_email: \"alitarek99944@gmail.com\"\n  }\n}\n\nArgument `id` is missing.","timestamp":"2024-07-27 18:50:09"}
{"level":"error","message":"\nInvalid `prisma.manager.update()` invocation:\n\n{\n  where: {\n+   id: Int\n  },\n  data: {\n    name: \"mutaz\",\n    username: \"mutaz\",\n    linked_email: \"alitarek99944@gmail.com\"\n  }\n}\n\nArgument `id` is missing.","timestamp":"2024-07-27 18:50:09"}
{"level":"error","message":"Timed out after waiting 30000ms","timestamp":"2024-07-28 17:05:35"}
{"level":"error","message":"Timed out after waiting 30000ms","timestamp":"2024-07-28 17:05:35"}
{"level":"error","message":"Timed out after waiting 30000ms","timestamp":"2024-07-28 17:08:28"}
{"level":"error","message":"Timed out after waiting 30000ms","timestamp":"2024-07-28 17:08:28"}
{"level":"error","message":"Timed out after waiting 30000ms","timestamp":"2024-07-28 17:09:38"}
{"level":"error","message":"Timed out after waiting 30000ms","timestamp":"2024-07-28 17:09:38"}
{"level":"error","message":"Unexpected token } in JSON at position 77","timestamp":"2024-07-28 17:13:36"}
{"level":"error","message":"Timed out after waiting 30000ms","timestamp":"2024-07-28 17:14:32"}
{"level":"error","message":"Timed out after waiting 30000ms","timestamp":"2024-07-28 17:14:32"}
{"level":"error","message":"total_sanctions is not defined","timestamp":"2024-07-28 17:15:57"}
{"level":"error","message":"total_sanctions is not defined","timestamp":"2024-07-28 17:15:57"}
{"level":"error","message":"total_sanctions is not defined","timestamp":"2024-07-28 17:18:10"}
{"level":"error","message":"total_sanctions is not defined","timestamp":"2024-07-28 17:18:10"}
{"level":"error","message":"ENOENT: no such file or directory, stat 'reports/e4K4373jxn.pdf'","timestamp":"2024-07-28 17:23:54"}
{"level":"error","message":"ENOENT: no such file or directory, stat 'reports/e4K4373jxn.pdf'","timestamp":"2024-07-28 17:23:54"}
{"level":"error","message":"ENOENT: no such file or directory, stat '/storage/reports/qCGVPl7ekh.pdf'","timestamp":"2024-07-28 17:25:27"}
{"level":"error","message":"ENOENT: no such file or directory, stat '/storage/reports/qCGVPl7ekh.pdf'","timestamp":"2024-07-28 17:25:27"}
{"level":"error","message":"ENOENT: no such file or directory, stat '../storage/reports/iYsuLlDdaE.pdf'","timestamp":"2024-07-28 17:25:51"}
{"level":"error","message":"ENOENT: no such file or directory, stat '../storage/reports/iYsuLlDdaE.pdf'","timestamp":"2024-07-28 17:25:51"}
{"level":"error","message":"ENOENT: no such file or directory, stat 'storage/reports/cLTmGlrvz5.pdf'","timestamp":"2024-07-28 17:26:01"}
{"level":"error","message":"ENOENT: no such file or directory, stat 'storage/reports/cLTmGlrvz5.pdf'","timestamp":"2024-07-28 17:26:01"}
{"level":"error","message":"ENOENT: no such file or directory, stat './storage/reports/qXG836nQD3.pdf'","timestamp":"2024-07-28 17:26:15"}
{"level":"error","message":"ENOENT: no such file or directory, stat './storage/reports/qXG836nQD3.pdf'","timestamp":"2024-07-28 17:26:15"}
{"level":"error","message":"\nInvalid `prisma.financialReport.create()` invocation:\n\n{\n  data: {\n    report_file: \"reports/5iI036hq5m.pdf\",\n    start_date: \"28-07-2024\",\n    end_date: \"29-07-2024\",\n    report_file_size: 0,\n                      ~\n    tax_deducted: 0,\n    total_income: 0,\n    report_title: 0,\n    created_at: \"28.07.2024 17:28\"\n  }\n}\n\nArgument `report_file_size`: Invalid value provided. Expected String, provided Int.","timestamp":"2024-07-28 17:28:16"}
{"level":"error","message":"\nInvalid `prisma.financialReport.create()` invocation:\n\n{\n  data: {\n    report_file: \"reports/5iI036hq5m.pdf\",\n    start_date: \"28-07-2024\",\n    end_date: \"29-07-2024\",\n    report_file_size: 0,\n                      ~\n    tax_deducted: 0,\n    total_income: 0,\n    report_title: 0,\n    created_at: \"28.07.2024 17:28\"\n  }\n}\n\nArgument `report_file_size`: Invalid value provided. Expected String, provided Int.","timestamp":"2024-07-28 17:28:16"}
{"level":"error","message":"\nInvalid `prisma.financialReport.create()` invocation:\n\n{\n  data: {\n    report_file: \"reports/wGSfwAcdEG.pdf\",\n    start_date: \"28-07-2024\",\n    end_date: \"29-07-2024\",\n    report_file_size: \"0\",\n    tax_deducted: 0,\n    total_income: 0,\n    report_title: 0,\n                  ~\n    created_at: \"28.07.2024 17:28\"\n  }\n}\n\nArgument `report_title`: Invalid value provided. Expected String, provided Int.","timestamp":"2024-07-28 17:28:31"}
{"level":"error","message":"\nInvalid `prisma.financialReport.create()` invocation:\n\n{\n  data: {\n    report_file: \"reports/wGSfwAcdEG.pdf\",\n    start_date: \"28-07-2024\",\n    end_date: \"29-07-2024\",\n    report_file_size: \"0\",\n    tax_deducted: 0,\n    total_income: 0,\n    report_title: 0,\n                  ~\n    created_at: \"28.07.2024 17:28\"\n  }\n}\n\nArgument `report_title`: Invalid value provided. Expected String, provided Int.","timestamp":"2024-07-28 17:28:31"}
{"level":"error","message":"\nInvalid `prisma.sanctionFile.createMany()` invocation:\n\n\nForeign key constraint failed on the field: `sanction_id`","timestamp":"2024-07-28 18:37:14"}
{"level":"error","message":"\nInvalid `prisma.sanctionFile.createMany()` invocation:\n\n\nForeign key constraint failed on the field: `sanction_id`","timestamp":"2024-07-28 18:37:14"}
{"level":"error","message":"\nInvalid `prisma.sanctionFile.createMany()` invocation:\n\n\nForeign key constraint failed on the field: `sanction_id`","timestamp":"2024-07-28 18:38:09"}
{"level":"error","message":"\nInvalid `prisma.sanctionFile.createMany()` invocation:\n\n\nForeign key constraint failed on the field: `sanction_id`","timestamp":"2024-07-28 18:38:09"}
{"level":"error","message":"\nInvalid `prisma.invoice.create()` invocation:\n\n{\n  data: {\n    kid_number: \"123xfasd1\",\n    control_number: 7,\n                    ~\n    sanction_id: 1,\n    total_charge: 100,\n    invoice_file: \"invoices/mQ2yqGtlC2.jpg\",\n    rules: {\n      create: [\n        {\n          name: \"1 - Avgiftsparkering - Billett / elektronisk registrering utløpt - pforskr.§31(2)\",\n          charge: 660\n        },\n        {\n          name: \"2 - Avgiftsparkering - Gyldig billett ikke synlig i frontruten / ingen gyldig elektronisk registrering funnet - pforskr.§31(2)\",\n          charge: 660\n        }\n      ]\n    },\n    created_at: \"31.07.2024 13:58\",\n    status: \"pending\"\n  }\n}\n\nArgument `control_number`: Invalid value provided. Expected String, provided Int.","timestamp":"2024-07-31 13:58:25"}
{"level":"error","message":"\nInvalid `prisma.invoice.create()` invocation:\n\n{\n  data: {\n    kid_number: \"123xfasd1\",\n    control_number: 7,\n                    ~\n    sanction_id: 1,\n    total_charge: 100,\n    invoice_file: \"invoices/mQ2yqGtlC2.jpg\",\n    rules: {\n      create: [\n        {\n          name: \"1 - Avgiftsparkering - Billett / elektronisk registrering utløpt - pforskr.§31(2)\",\n          charge: 660\n        },\n        {\n          name: \"2 - Avgiftsparkering - Gyldig billett ikke synlig i frontruten / ingen gyldig elektronisk registrering funnet - pforskr.§31(2)\",\n          charge: 660\n        }\n      ]\n    },\n    created_at: \"31.07.2024 13:58\",\n    status: \"pending\"\n  }\n}\n\nArgument `control_number`: Invalid value provided. Expected String, provided Int.","timestamp":"2024-07-31 13:58:25"}
{"level":"error","message":"Manager not found","timestamp":"2024-08-01 17:41:39"}
{"level":"error","message":"Manager not found","timestamp":"2024-08-01 17:41:39"}
{"level":"error","message":"Manager not found","timestamp":"2024-08-01 17:41:43"}
{"level":"error","message":"Manager not found","timestamp":"2024-08-01 17:41:43"}
{"level":"error","message":"Manager not found","timestamp":"2024-08-01 17:42:06"}
{"level":"error","message":"Manager not found","timestamp":"2024-08-01 17:42:06"}
{"level":"error","message":"Manager not found","timestamp":"2024-08-01 17:42:38"}
{"level":"error","message":"Manager not found","timestamp":"2024-08-01 17:42:38"}
{"level":"error","message":"Unexpected token ; in JSON at position 94","timestamp":"2024-08-01 21:32:26"}
{"level":"error","message":"\nInvalid `prisma.sanction.create()` invocation:\n\n{\n  data: {\n    employee_pnid: \"px1\",\n    created_at: \"01.08.2024 21:32\",\n    date: \"01.08.2024\",\n    kid_number: 1,\n                ~\n    control_number: 1,\n    total_charge: 660,\n    due_date: \"07.08.2024 11:26\"\n  }\n}\n\nArgument `kid_number`: Invalid value provided. Expected String, provided Int.","timestamp":"2024-08-01 21:32:45"}
{"level":"error","message":"\nInvalid `prisma.sanction.create()` invocation:\n\n{\n  data: {\n    employee_pnid: \"px1\",\n    created_at: \"01.08.2024 21:32\",\n    date: \"01.08.2024\",\n    kid_number: 1,\n                ~\n    control_number: 1,\n    total_charge: 660,\n    due_date: \"07.08.2024 11:26\"\n  }\n}\n\nArgument `kid_number`: Invalid value provided. Expected String, provided Int.","timestamp":"2024-08-01 21:32:45"}
{"level":"error","message":"\nInvalid `prisma.sanction.findFirst()` invocation:\n\n{\n  where: {\n    id: 3\n  },\n  include: {\n    invoice: {\n      include: {\n        rules: true,\n        ~~~~~\n?       sanction?: true\n      }\n    },\n    sanction_files: true\n  }\n}\n\nUnknown field `rules` for include statement on model `Invoice`. Available options are marked with ?.","timestamp":"2024-08-01 21:38:19"}
{"level":"error","message":"\nInvalid `prisma.sanction.findFirst()` invocation:\n\n{\n  where: {\n    id: 3\n  },\n  include: {\n    invoice: {\n      include: {\n        rules: true,\n        ~~~~~\n?       sanction?: true\n      }\n    },\n    sanction_files: true\n  }\n}\n\nUnknown field `rules` for include statement on model `Invoice`. Available options are marked with ?.","timestamp":"2024-08-01 21:38:19"}
{"level":"error","message":"\nInvalid `prisma.payment.create()` invocation:\n\n\nUnique constraint failed on the constraint: `Payment_sanction_id_key`","timestamp":"2024-08-01 22:23:55"}
{"level":"error","message":"\nInvalid `prisma.payment.create()` invocation:\n\n\nUnique constraint failed on the constraint: `Payment_sanction_id_key`","timestamp":"2024-08-01 22:23:55"}
{"level":"error","message":"\nInvalid `prisma.payment.create()` invocation:\n\n\nUnique constraint failed on the constraint: `Payment_sanction_id_key`","timestamp":"2024-08-01 22:23:58"}
{"level":"error","message":"\nInvalid `prisma.payment.create()` invocation:\n\n\nUnique constraint failed on the constraint: `Payment_sanction_id_key`","timestamp":"2024-08-01 22:23:58"}
{"level":"error","message":"\nInvalid `prisma.payment.create()` invocation:\n\n\nUnique constraint failed on the constraint: `Payment_sanction_id_key`","timestamp":"2024-08-01 22:25:14"}
{"level":"error","message":"\nInvalid `prisma.payment.create()` invocation:\n\n\nUnique constraint failed on the constraint: `Payment_sanction_id_key`","timestamp":"2024-08-01 22:25:14"}
{"level":"error","message":"OK is not defined","timestamp":"2025-01-08 18:24:12"}
{"level":"error","message":"OK is not defined","timestamp":"2025-01-08 18:24:12"}
{"level":"error","message":"invalid signature","timestamp":"2025-02-01 11:44:38"}
{"level":"error","message":"invalid signature","timestamp":"2025-02-01 11:44:38"}
{"level":"error","message":"\nInvalid `prisma.manager.findFirst()` invocation:\n\n\nDatabase `sjekk_finance` does not exist on the database server at `localhost:5432`.","timestamp":"2025-02-01 11:46:23"}
{"level":"error","message":"\nInvalid `prisma.manager.findFirst()` invocation:\n\n\nDatabase `sjekk_finance` does not exist on the database server at `localhost:5432`.","timestamp":"2025-02-01 11:46:23"}
{"level":"error","message":[{"error":"name cannot be null or empty","field":"name"},{"error":"username cannot be null or empty","field":"username"},{"error":"linked_email cannot be null or empty","field":"linked_email"}],"timestamp":"2025-02-01 11:48:01"}
{"level":"error","message":[{"error":"name cannot be null or empty","field":"name"},{"error":"username cannot be null or empty","field":"username"},{"error":"linked_email cannot be null or empty","field":"linked_email"}],"timestamp":"2025-02-01 11:48:01"}
